[debug] [2026-06-18T02:59:05.283Z] ----------------------------------------------------------------------
[debug] [2026-06-18T02:59:05.287Z] Command:       /Users/josuebizazu/.nvm/versions/node/v22.22.3/bin/node /Users/josuebizazu/.local/bin/firebase firestore:databases:list --project lia-store
[debug] [2026-06-18T02:59:05.288Z] CLI Version:   15.20.0
[debug] [2026-06-18T02:59:05.288Z] Platform:      darwin
[debug] [2026-06-18T02:59:05.288Z] Node Version:  v22.22.3
[debug] [2026-06-18T02:59:05.289Z] Time:          Wed Jun 17 2026 21:59:05 GMT-0500 (Central Daylight Time)
[debug] [2026-06-18T02:59:05.289Z] ----------------------------------------------------------------------
[debug] 
[debug] [2026-06-18T02:59:07.313Z] > command requires scopes: ["email","openid","https://www.googleapis.com/auth/cloudplatformprojects.readonly","https://www.googleapis.com/auth/firebase","https://www.googleapis.com/auth/cloud-platform"]
[debug] [2026-06-18T02:59:07.315Z] > authorizing via signed-in user (josuebizazu60@gmail.com)
[debug] [2026-06-18T02:59:07.315Z] [iam] checking project lia-store for permissions ["datastore.databases.list","firebase.projects.get"]
[debug] [2026-06-18T02:59:07.317Z] Checked if tokens are valid: false, expires at: 1781742499844
[debug] [2026-06-18T02:59:07.317Z] Checked if tokens are valid: false, expires at: 1781742499844
[debug] [2026-06-18T02:59:07.318Z] > refreshing access token with scopes: []
[debug] [2026-06-18T02:59:07.320Z] >>> [apiv2][query] POST https://www.googleapis.com/oauth2/v3/token [none]
[debug] [2026-06-18T02:59:07.321Z] >>> [apiv2][body] POST https://www.googleapis.com/oauth2/v3/token [omitted]
[debug] [2026-06-18T02:59:07.464Z] <<< [apiv2][status] POST https://www.googleapis.com/oauth2/v3/token 200
[debug] [2026-06-18T02:59:07.464Z] <<< [apiv2][body] POST https://www.googleapis.com/oauth2/v3/token [omitted]
[debug] [2026-06-18T02:59:07.525Z] >>> [apiv2][query] POST https://cloudresourcemanager.googleapis.com/v1/projects/lia-store:testIamPermissions [none]
[debug] [2026-06-18T02:59:07.525Z] >>> [apiv2][(partial)header] POST https://cloudresourcemanager.googleapis.com/v1/projects/lia-store:testIamPermissions  x-goog-user-project=lia-store
[debug] [2026-06-18T02:59:07.525Z] >>> [apiv2][body] POST https://cloudresourcemanager.googleapis.com/v1/projects/lia-store:testIamPermissions {"permissions":["datastore.databases.list","firebase.projects.get"]}
[debug] [2026-06-18T02:59:07.700Z] <<< [apiv2][status] POST https://cloudresourcemanager.googleapis.com/v1/projects/lia-store:testIamPermissions 200
[debug] [2026-06-18T02:59:07.700Z] <<< [apiv2][body] POST https://cloudresourcemanager.googleapis.com/v1/projects/lia-store:testIamPermissions {"permissions":["datastore.databases.list","firebase.projects.get"]}
[debug] [2026-06-18T02:59:07.700Z] Checked if tokens are valid: true, expires at: 1781755146464
[debug] [2026-06-18T02:59:07.701Z] Checked if tokens are valid: true, expires at: 1781755146464
[debug] [2026-06-18T02:59:07.701Z] >>> [apiv2][query] GET https://firestore.googleapis.com/v1/projects/lia-store/databases [none]
[debug] [2026-06-18T02:59:08.288Z] <<< [apiv2][status] GET https://firestore.googleapis.com/v1/projects/lia-store/databases 200
[debug] [2026-06-18T02:59:08.288Z] <<< [apiv2][body] GET https://firestore.googleapis.com/v1/projects/lia-store/databases {"databases":[{"name":"projects/lia-store/databases/default","uid":"e48a1c18-da35-4aed-99ff-f5f53af69413","createTime":"2026-06-17T18:10:22.193573Z","updateTime":"2026-06-17T18:10:22.193573Z","locationId":"nam5","type":"FIRESTORE_NATIVE","concurrencyMode":"OPTIMISTIC","versionRetentionPeriod":"3600s","earliestVersionTime":"2026-06-18T01:59:08.401656Z","appEngineIntegrationMode":"DISABLED","pointInTimeRecoveryEnablement":"POINT_IN_TIME_RECOVERY_DISABLED","deleteProtectionState":"DELETE_PROTECTION_DISABLED","databaseEdition":"ENTERPRISE","freeTier":true,"realtimeUpdatesMode":"REALTIME_UPDATES_MODE_ENABLED","firestoreDataAccessMode":"DATA_ACCESS_MODE_ENABLED","mongodbCompatibleDataAccessMode":"DATA_ACCESS_MODE_DISABLED","etag":"IIra6+Dlj5UDMKrC2uL+jpUD"}]}
[info] ┌─────────────────────────────────────────┬────────────────────┬────────────────────┐
│ Database Name                           │ Edition            │ Type               │
├─────────────────────────────────────────┼────────────────────┼────────────────────┤
│ projects/lia-store/databases/default    │ ENTERPRISE         │ FIRESTORE_NATIVE   │
└─────────────────────────────────────────┴────────────────────┴────────────────────┘
